[22:03:40] SERVER: Lang module init(Open-GTO/Language-Russian.gto)
[22:03:40] SERVER: Logging module init
[22:03:40] SERVER: Base module init
[22:03:40] SERVER: Account module init
[22:03:40] SERVER: Player module init
[22:03:40] SERVER: Gang module init
[22:03:40] SERVER: Payday module init
[22:03:40] SERVER: Weapons module init
[22:03:40] SERVER: Vehicles module init
[22:03:40] Race (DB): Burnin Down The Strip Loaded
[22:03:40] Race (DB): Riverside Run Loaded
[22:03:40] Race (DB): Flee the City Loaded
[22:03:40] Race (DB): Lost in Smoke Loaded
[22:03:40] Race (DB): Backstreet Bang Loaded
[22:03:40] Race (DB): Flying Free Loaded
[22:03:40] Race (DB): MurderHorn Loaded
[22:03:40] Race (DB): Airport Round We Go Loaded
[22:03:40] Race (DB): Strip Tease Loaded
[22:03:40] Race (DB): Monstertruck Madness Loaded
[22:03:40] Race (DB): Countryside Cruise Loaded
[22:03:40] Race (DB): Tearin Up The Grove Loaded
[22:03:40] Race (DB): Mullholland Getaway Loaded
[22:03:40] Race (DB): LV Julius Thruway Race Loaded
[22:03:40] Race (DB): LS-SF Trailers Racing Loaded
[22:03:40] Race (DB): SF Fuck'in Wood Race Loaded
[22:03:40] Race (DB): LS-SF Majestic Loaded
[22:03:40] SERVER: Race module init
[22:03:40] Deathmatch (DB): 'Base Jump' Loaded.
[22:03:40] Deathmatch (DB): 'Area 51' Loaded.
[22:03:40] Deathmatch (DB): 'The Bad And The Ugly' Loaded.
[22:03:40] Deathmatch (DB): 'Blue Mountains' Loaded.
[22:03:40] Deathmatch (DB): 'Cargo Ship' Loaded.
[22:03:40] Deathmatch (DB): 'Dildo Farm Revenge' Loaded.
[22:03:40] Deathmatch (DB): 'Millitary Base' Loaded.
[22:03:41] Deathmatch (DB): 'Minigun Madness' Loaded.
[22:03:41] Deathmatch (DB): 'fy_poolday' Loaded.
[22:03:41] Deathmatch (DB): 'The US Navy' Loaded.
[22:03:41] SERVER: Deathmatch module init
[22:03:41] SERVER: Groundhold module init
[22:03:41] SERVER: Business module init
[22:03:41] SERVER: Housing module init
[22:03:41] SERVER: Interior module init
[22:03:41] SERVER: Bank module init
[22:03:41] SERVER: Fightstyles module init
[22:03:41] QuidemSys v2.7 initialized.
[22:03:41] SERVER: Lottery system init
[22:03:41] SERVER: Swagup module init
[22:03:41] SERVER: (missions)Trucker module init
[22:03:41] SERVER: (services)Fastfood module init
[22:03:41] SERVER: (services)Bar module init
[22:03:41] SERVER: (services)SkinShop module init
[22:03:41] SERVER: (player)Level module init
[22:03:41] SERVER: (protections)AntiIdle module init
[22:03:41] SERVER: (protections)AntiHightPing module init
[22:03:41] SERVER: (player)Health module init
[22:03:41] SERVER: (player)Armour module init
[22:03:41] SERVER: (player)Money module init
[22:03:41] SERVER: (protections)ChatGuard(by MX_Master) module init
[22:03:41] SERVER: (protections)AntiJetPack module init
[22:03:41] SERVER: (protections)AntiRconHack module init
[22:03:41] SERVER: Custom mapicons, objects and pickups init
[22:03:41] SERVER: Timers started
[22:03:41] SERVER: All Classes init
[22:03:41] World save complete! Time taken: 0 seconds.
[22:03:41] SERVER: Open-GTO v1.1.6 initialization complete. [22:03]
[22:04:27] World save complete! Time taken: 1 seconds.
[22:04:27] SERVER: Open-GTO v1.1.6 turned off. [22:04]
[22:04:39] SERVER: Lang module init(Open-GTO/Language-Russian.gto)
[22:04:39] SERVER: Logging module init
[22:04:39] SERVER: Base module init
[22:04:39] SERVER: Account module init
[22:04:39] SERVER: Player module init
[22:04:39] SERVER: Gang module init
[22:04:39] SERVER: Payday module init
[22:04:39] SERVER: Weapons module init
[22:04:39] SERVER: Vehicles module init
[22:04:39] Race (DB): Burnin Down The Strip Loaded
[22:04:39] Race (DB): Riverside Run Loaded
[22:04:39] Race (DB): Flee the City Loaded
[22:04:39] Race (DB): Lost in Smoke Loaded
[22:04:39] Race (DB): Backstreet Bang Loaded
[22:04:39] Race (DB): Flying Free Loaded
[22:04:39] Race (DB): MurderHorn Loaded
[22:04:39] Race (DB): Airport Round We Go Loaded
[22:04:39] Race (DB): Strip Tease Loaded
[22:04:39] Race (DB): Monstertruck Madness Loaded
[22:04:39] Race (DB): Countryside Cruise Loaded
[22:04:39] Race (DB): Tearin Up The Grove Loaded
[22:04:39] Race (DB): Mullholland Getaway Loaded
[22:04:39] Race (DB): LV Julius Thruway Race Loaded
[22:04:39] Race (DB): LS-SF Trailers Racing Loaded
[22:04:39] Race (DB): SF Fuck'in Wood Race Loaded
[22:04:39] Race (DB): LS-SF Majestic Loaded
[22:04:39] SERVER: Race module init
[22:04:39] Deathmatch (DB): 'Base Jump' Loaded.
[22:04:39] Deathmatch (DB): 'Area 51' Loaded.
[22:04:39] Deathmatch (DB): 'The Bad And The Ugly' Loaded.
[22:04:39] Deathmatch (DB): 'Blue Mountains' Loaded.
[22:04:39] Deathmatch (DB): 'Cargo Ship' Loaded.
[22:04:39] Deathmatch (DB): 'Dildo Farm Revenge' Loaded.
[22:04:39] Deathmatch (DB): 'Millitary Base' Loaded.
[22:04:39] Deathmatch (DB): 'Minigun Madness' Loaded.
[22:04:39] Deathmatch (DB): 'fy_poolday' Loaded.
[22:04:39] Deathmatch (DB): 'The US Navy' Loaded.
[22:04:39] SERVER: Deathmatch module init
[22:04:39] SERVER: Groundhold module init
[22:04:39] SERVER: Business module init
[22:04:39] SERVER: Housing module init
[22:04:39] SERVER: Interior module init
[22:04:39] SERVER: Bank module init
[22:04:39] SERVER: Fightstyles module init
[22:04:39] QuidemSys v2.7 initialized.
[22:04:39] SERVER: Lottery system init
[22:04:39] SERVER: Swagup module init
[22:04:39] SERVER: (missions)Trucker module init
[22:04:39] SERVER: (services)Fastfood module init
[22:04:39] SERVER: (services)Bar module init
[22:04:39] SERVER: (services)SkinShop module init
[22:04:39] SERVER: (player)Level module init
[22:04:39] SERVER: (protections)AntiIdle module init
[22:04:39] SERVER: (protections)AntiHightPing module init
[22:04:39] SERVER: (player)Health module init
[22:04:39] SERVER: (player)Armour module init
[22:04:39] SERVER: (player)Money module init
[22:04:39] SERVER: (protections)ChatGuard(by MX_Master) module init
[22:04:39] SERVER: (protections)AntiJetPack module init
[22:04:39] SERVER: (protections)AntiRconHack module init
[22:04:39] SERVER: Custom mapicons, objects and pickups init
[22:04:39] SERVER: Timers started
[22:04:39] SERVER: All Classes init
[22:04:40] World save complete! Time taken: 1 seconds.
[22:04:40] SERVER: Open-GTO v1.1.6 initialization complete. [22:04]
[22:04:45] player: Albert_Akchurin(0): player_created successfully
[22:04:45] player: Albert_Akchurin(0): logged in successfully.
[22:04:45] create_account: success Albert_Akchurin(0)
